mode: set
library-api-book/internal/services/book_service.go:29.89,34.2 1 0
library-api-book/internal/services/book_service.go:36.112,38.16 2 1
library-api-book/internal/services/book_service.go:38.16,40.3 1 1
library-api-book/internal/services/book_service.go:41.2,41.15 1 1
library-api-book/internal/services/book_service.go:41.15,43.17 2 1
library-api-book/internal/services/book_service.go:43.17,45.4 1 0
library-api-book/internal/services/book_service.go:45.9,47.4 1 1
library-api-book/internal/services/book_service.go:50.2,60.16 3 1
library-api-book/internal/services/book_service.go:60.16,62.3 1 1
library-api-book/internal/services/book_service.go:64.2,64.12 1 1
library-api-book/internal/services/book_service.go:67.125,69.16 2 1
library-api-book/internal/services/book_service.go:69.16,71.3 1 1
library-api-book/internal/services/book_service.go:72.2,72.15 1 1
library-api-book/internal/services/book_service.go:72.15,74.17 2 1
library-api-book/internal/services/book_service.go:74.17,76.4 1 0
library-api-book/internal/services/book_service.go:76.9,78.4 1 1
library-api-book/internal/services/book_service.go:81.2,82.16 2 1
library-api-book/internal/services/book_service.go:82.16,84.3 1 1
library-api-book/internal/services/book_service.go:86.2,95.26 2 1
library-api-book/internal/services/book_service.go:98.123,100.16 2 1
library-api-book/internal/services/book_service.go:100.16,102.3 1 1
library-api-book/internal/services/book_service.go:103.2,103.15 1 1
library-api-book/internal/services/book_service.go:103.15,104.31 1 1
library-api-book/internal/services/book_service.go:104.31,106.4 1 0
library-api-book/internal/services/book_service.go:106.9,108.4 1 1
library-api-book/internal/services/book_service.go:111.2,120.16 3 1
library-api-book/internal/services/book_service.go:120.16,123.3 2 1
library-api-book/internal/services/book_service.go:125.2,125.12 1 1
library-api-book/internal/services/book_service.go:128.98,130.16 2 1
library-api-book/internal/services/book_service.go:130.16,132.3 1 1
library-api-book/internal/services/book_service.go:133.2,133.15 1 1
library-api-book/internal/services/book_service.go:133.15,134.31 1 1
library-api-book/internal/services/book_service.go:134.31,136.4 1 0
library-api-book/internal/services/book_service.go:136.9,138.4 1 1
library-api-book/internal/services/book_service.go:141.2,142.16 2 1
library-api-book/internal/services/book_service.go:142.16,145.3 2 1
library-api-book/internal/services/book_service.go:147.2,147.12 1 1
library-api-book/internal/services/book_service.go:150.160,152.16 2 1
library-api-book/internal/services/book_service.go:152.16,154.3 1 1
library-api-book/internal/services/book_service.go:155.2,155.15 1 1
library-api-book/internal/services/book_service.go:155.15,156.31 1 1
library-api-book/internal/services/book_service.go:156.31,158.4 1 0
library-api-book/internal/services/book_service.go:158.9,160.4 1 1
library-api-book/internal/services/book_service.go:163.2,166.16 3 1
library-api-book/internal/services/book_service.go:166.16,168.3 1 1
library-api-book/internal/services/book_service.go:170.2,171.29 2 1
library-api-book/internal/services/book_service.go:171.29,180.3 1 1
library-api-book/internal/services/book_service.go:182.2,184.27 2 1
library-api-book/internal/services/book_service.go:187.135,189.16 2 1
library-api-book/internal/services/book_service.go:189.16,191.3 1 1
library-api-book/internal/services/book_service.go:192.2,192.15 1 1
library-api-book/internal/services/book_service.go:192.15,193.31 1 1
library-api-book/internal/services/book_service.go:193.31,195.4 1 0
library-api-book/internal/services/book_service.go:195.9,197.4 1 1
library-api-book/internal/services/book_service.go:200.2,201.16 2 1
library-api-book/internal/services/book_service.go:201.16,203.3 1 1
library-api-book/internal/services/book_service.go:205.2,206.29 2 1
library-api-book/internal/services/book_service.go:206.29,215.3 1 1
library-api-book/internal/services/book_service.go:217.2,217.27 1 1
library-api-book/internal/services/book_service.go:220.105,222.16 2 1
library-api-book/internal/services/book_service.go:222.16,224.3 1 1
library-api-book/internal/services/book_service.go:225.2,225.15 1 1
library-api-book/internal/services/book_service.go:225.15,226.31 1 1
library-api-book/internal/services/book_service.go:226.31,228.4 1 0
library-api-book/internal/services/book_service.go:228.9,230.4 1 1
library-api-book/internal/services/book_service.go:233.2,234.16 2 1
library-api-book/internal/services/book_service.go:234.16,236.3 1 1
library-api-book/internal/services/book_service.go:237.2,237.21 1 1
library-api-book/internal/services/book_service.go:237.21,239.3 1 1
library-api-book/internal/services/book_service.go:241.2,243.16 3 1
library-api-book/internal/services/book_service.go:243.16,245.3 1 1
library-api-book/internal/services/book_service.go:247.2,247.12 1 1
library-api-book/internal/services/book_service.go:250.105,252.16 2 1
library-api-book/internal/services/book_service.go:252.16,254.3 1 1
library-api-book/internal/services/book_service.go:255.2,255.15 1 1
library-api-book/internal/services/book_service.go:255.15,256.31 1 1
library-api-book/internal/services/book_service.go:256.31,258.4 1 0
library-api-book/internal/services/book_service.go:258.9,260.4 1 1
library-api-book/internal/services/book_service.go:263.2,264.16 2 1
library-api-book/internal/services/book_service.go:264.16,266.3 1 1
library-api-book/internal/services/book_service.go:267.2,267.21 1 1
library-api-book/internal/services/book_service.go:267.21,269.3 1 1
library-api-book/internal/services/book_service.go:271.2,273.16 3 1
library-api-book/internal/services/book_service.go:273.16,275.3 1 1
library-api-book/internal/services/book_service.go:277.2,277.12 1 1
